<?xml version="1.0" encoding="UTF-8"?>
<!-- Generated by org.testng.reporters.JUnitReportReporter -->
<testsuite hostname="LAPTOP-MML7JKRP" failures="0" tests="1" name="testcase.Tc_Login" time="7.338" errors="0" timestamp="2024-07-13T07:51:37 IST" skipped="0">
  <testcase classname="testcase.Tc_Login" name="pageLoginTest" time="7.338"/>
  <system-out/>
</testsuite> <!-- testcase.Tc_Login -->
