<?xml version="1.0" encoding="UTF-8"?>
<!-- Generated by org.testng.reporters.JUnitReportReporter -->
<testsuite hostname="LAPTOP-MML7JKRP" failures="0" tests="3" name="testcase.MyFirstTestFW" time="64.336" errors="0" timestamp="2024-06-04T12:12:18 IST" skipped="0">
  <testcase classname="testcase.MyFirstTestFW" name="loginTest" time="21.470"/>
  <system-out/>
  <testcase classname="testcase.MyFirstTestFW" name="loginTest" time="31.922"/>
  <system-out/>
  <testcase classname="testcase.MyFirstTestFW" name="loginTest" time="10.944"/>
  <system-out/>
</testsuite> <!-- testcase.MyFirstTestFW -->
